<?xml version="1.0" encoding="UTF-8"?>
<testng-results skipped="0" failed="0" total="2" passed="2">
  <reporter-output>
  </reporter-output>
  <suite name="Suite" duration-ms="13407" started-at="2020-12-28T21:59:53Z" finished-at="2020-12-28T22:00:06Z">
    <groups>
    </groups>
    <test name="Validate Home Page" duration-ms="13407" started-at="2020-12-28T21:59:53Z" finished-at="2020-12-28T22:00:06Z">
      <class name="Reports.HomePage">
        <test-method status="PASS" signature="initialize()[pri:0, instance:Reports.HomePage@3d74bf60]" name="initialize" is-config="true" duration-ms="3185" started-at="2020-12-29T03:29:53Z" finished-at="2020-12-29T03:29:56Z">
          <reporter-output>
          </reporter-output>
        </test-method> <!-- initialize -->
        <test-method status="PASS" signature="baseNavigation(java.lang.String, java.lang.String)[pri:0, instance:Reports.HomePage@3d74bf60]" name="baseNavigation" duration-ms="6834" started-at="2020-12-29T03:29:56Z" data-provider="getData" finished-at="2020-12-29T03:30:03Z">
          <params>
            <param index="0">
              <value>
                <![CDATA[swetacjc@gmail.com]]>
              </value>
            </param>
            <param index="1">
              <value>
                <![CDATA[8603189299]]>
              </value>
            </param>
          </params>
          <reporter-output>
          </reporter-output>
        </test-method> <!-- baseNavigation -->
        <test-method status="PASS" signature="baseNavigation(java.lang.String, java.lang.String)[pri:0, instance:Reports.HomePage@3d74bf60]" name="baseNavigation" duration-ms="3267" started-at="2020-12-29T03:30:03Z" data-provider="getData" finished-at="2020-12-29T03:30:06Z">
          <params>
            <param index="0">
              <value>
                <![CDATA[ankitamishra]]>
              </value>
            </param>
            <param index="1">
              <value>
                <![CDATA[90]]>
              </value>
            </param>
          </params>
          <reporter-output>
          </reporter-output>
        </test-method> <!-- baseNavigation -->
        <test-method status="PASS" signature="tearDown()[pri:0, instance:Reports.HomePage@3d74bf60]" name="tearDown" is-config="true" duration-ms="108" started-at="2020-12-29T03:30:06Z" finished-at="2020-12-29T03:30:06Z">
          <reporter-output>
          </reporter-output>
        </test-method> <!-- tearDown -->
      </class> <!-- Reports.HomePage -->
    </test> <!-- Validate Home Page -->
  </suite> <!-- Suite -->
</testng-results>
