<?xml version="1.0" encoding="UTF-8"?>
<testng-results skipped="0" failed="0" total="2" passed="2">
  <reporter-output>
  </reporter-output>
  <suite name="Suite" duration-ms="10282" started-at="2020-12-28T21:45:11Z" finished-at="2020-12-28T21:45:21Z">
    <groups>
    </groups>
    <test name="Validate Home Page" duration-ms="10282" started-at="2020-12-28T21:45:11Z" finished-at="2020-12-28T21:45:21Z">
      <class name="Reports.HomePage">
        <test-method status="PASS" signature="initialize()[pri:0, instance:Reports.HomePage@2d1ef81a]" name="initialize" is-config="true" duration-ms="3067" started-at="2020-12-29T03:15:11Z" finished-at="2020-12-29T03:15:14Z">
          <reporter-output>
          </reporter-output>
        </test-method> <!-- initialize -->
        <test-method status="PASS" signature="baseNavigation(java.lang.String, java.lang.String)[pri:0, instance:Reports.HomePage@2d1ef81a]" name="baseNavigation" duration-ms="4340" started-at="2020-12-29T03:15:14Z" data-provider="getData" finished-at="2020-12-29T03:15:18Z">
          <params>
            <param index="0">
              <value>
                <![CDATA[swetacjc@gmail.com]]>
              </value>
            </param>
            <param index="1">
              <value>
                <![CDATA[8603189299]]>
              </value>
            </param>
          </params>
          <reporter-output>
          </reporter-output>
        </test-method> <!-- baseNavigation -->
        <test-method status="PASS" signature="baseNavigation(java.lang.String, java.lang.String)[pri:0, instance:Reports.HomePage@2d1ef81a]" name="baseNavigation" duration-ms="2752" started-at="2020-12-29T03:15:18Z" data-provider="getData" finished-at="2020-12-29T03:15:21Z">
          <params>
            <param index="0">
              <value>
                <![CDATA[ankitamishra]]>
              </value>
            </param>
            <param index="1">
              <value>
                <![CDATA[90]]>
              </value>
            </param>
          </params>
          <reporter-output>
          </reporter-output>
        </test-method> <!-- baseNavigation -->
        <test-method status="PASS" signature="tearDown()[pri:0, instance:Reports.HomePage@2d1ef81a]" name="tearDown" is-config="true" duration-ms="106" started-at="2020-12-29T03:15:21Z" finished-at="2020-12-29T03:15:21Z">
          <reporter-output>
          </reporter-output>
        </test-method> <!-- tearDown -->
      </class> <!-- Reports.HomePage -->
    </test> <!-- Validate Home Page -->
  </suite> <!-- Suite -->
</testng-results>
